
The following have been reloaded with a version change:
  1) openblas/0.3.24_threads_none => openblas/0.3.24_threads_openmp
  2) py-numpy/1.26.1 => py-numpy/1.24.0

/home/stefanion/Satelit
100000
100001
20000
2000
200
Time taken for 1000 realizations and exact dt=0.0001: 7916.036986351013 seconds
Slope of Strong Error X1 (Euler-Ito): [ 0.7065029  -2.77507779]
Slope of Strong Error X2 (Euler-Ito): [ 0.72723352 -2.93226124]
Slope of Weak Error X1 (Euler-Ito): [ 1.02348138 -3.04497273]
Slope of Weak Error X2 (Euler-Ito): [ 1.0575902  -3.17734692]
Slope of Strong Error X1 (Euler-Stratonovitch): [ 0.6620382  -2.38281412]
Slope of Strong Error X2 (Euler-Stratonovitch): [ 0.68190589 -2.549316  ]
Slope of Weak Error X1 (Euler-Stratonovitch): [ 1.05909019 -2.92841565]
Slope of Weak Error X2 (Euler-Stratonovitch): [ 1.1395603 -2.6732946]
Slope of Strong Error X1 (Milstein): [ 1.09145805 -2.22751768]
Slope of Strong Error X2 (Milstein): [ 1.09460504 -2.34446565]
Slope of Weak Error X1 (Milstein): [ 1.04435259 -2.79258042]
Slope of Weak Error X2 (Milstein): [ 1.06287685 -2.62453266]
