
The following have been reloaded with a version change:
  1) openblas/0.3.24_threads_none => openblas/0.3.24_threads_openmp
  2) py-numpy/1.26.1 => py-numpy/1.24.0

/home/stefanion/Satelit4
50000
50001
10000
1000
100
Time taken for 1000 realizations and exact dt=0.0001: 3824.326536178589 seconds
Slope of Strong Error X1 (Euler-Ito): [ 0.54327143 -1.87041878]
Slope of Strong Error X2 (Euler-Ito): [ 0.57297071 -2.07657255]
Slope of Weak Error X1 (Euler-Ito): [ 0.67569956 -2.79699319]
Slope of Weak Error X2 (Euler-Ito): [ 0.40534884 -3.15309951]
Slope of Strong Error X1 (Euler-Stratonovitch): [ 0.49493298 -1.13160851]
Slope of Strong Error X2 (Euler-Stratonovitch): [ 0.52872276 -1.17118392]
Slope of Weak Error X1 (Euler-Stratonovitch): [ 0.65412584 -1.76465597]
Slope of Weak Error X2 (Euler-Stratonovitch): [ 0.27779075 -2.45700069]
Slope of Strong Error X1 (Milstein): [ 0.9670017  -1.20139538]
Slope of Strong Error X2 (Milstein): [ 0.94881017 -1.38013254]
Slope of Weak Error X1 (Milstein): [ 1.04179705 -1.46520226]
Slope of Weak Error X2 (Milstein): [ 0.91946003 -1.91610922]
