
The following have been reloaded with a version change:
  1) openblas/0.3.24_threads_none => openblas/0.3.24_threads_openmp
  2) py-numpy/1.26.1 => py-numpy/1.24.0

/home/stefanion/Satelit2
50000
50001
10000
1000
100
Time taken for 1000 realizations and exact dt=0.0001: 3264.5121009349823 seconds
Slope of Strong Error X1 (Euler-Ito): [ 0.72334068 -2.07504412]
Slope of Strong Error X2 (Euler-Ito): [ 0.71449651 -2.21731665]
Slope of Weak Error X1 (Euler-Ito): [ 1.29692882 -2.33326273]
Slope of Weak Error X2 (Euler-Ito): [ 1.23651906 -2.13713902]
Slope of Strong Error X1 (Euler-Stratonovitch): [ 0.68250645 -2.03969265]
Slope of Strong Error X2 (Euler-Stratonovitch): [ 0.68748569 -2.17367434]
Slope of Weak Error X1 (Euler-Stratonovitch): [ 0.74879528 -3.30780487]
Slope of Weak Error X2 (Euler-Stratonovitch): [ 1.09169132 -2.32444743]
Slope of Strong Error X1 (Milstein): [ 1.04130963 -1.86632526]
Slope of Strong Error X2 (Milstein): [ 1.04526876 -1.97178988]
Slope of Weak Error X1 (Milstein): [ 0.9663289  -3.59546812]
Slope of Weak Error X2 (Milstein): [ 1.06170212 -2.24904889]
