
The following have been reloaded with a version change:
  1) openblas/0.3.24_threads_none => openblas/0.3.24_threads_openmp
  2) py-numpy/1.26.1 => py-numpy/1.24.0

/home/stefanion/Satelit3
50000
50001
10000
1000
100
Time taken for 1000 realizations and exact dt=0.0001: 3819.857177257538 seconds
Slope of Strong Error X1 (Euler-Ito): [ 0.57254716 -2.02898544]
Slope of Strong Error X2 (Euler-Ito): [ 0.544687   -2.32490168]
Slope of Weak Error X1 (Euler-Ito): [ 0.98449179 -2.01747322]
Slope of Weak Error X2 (Euler-Ito): [ 1.19596475 -2.28247916]
Slope of Strong Error X1 (Euler-Stratonovitch): [ 0.59570703 -1.86767283]
Slope of Strong Error X2 (Euler-Stratonovitch): [ 0.55937913 -2.15994665]
Slope of Weak Error X1 (Euler-Stratonovitch): [ 0.98683618 -1.73851776]
Slope of Weak Error X2 (Euler-Stratonovitch): [ 1.19561095 -1.92188355]
Slope of Strong Error X1 (Milstein): [ 1.0030747  -1.62002347]
Slope of Strong Error X2 (Milstein): [ 1.01161708 -1.95129649]
Slope of Weak Error X1 (Milstein): [ 1.00455992 -1.68807679]
Slope of Weak Error X2 (Milstein): [ 1.01759546 -2.07818387]
