
The following have been reloaded with a version change:
  1) openblas/0.3.24_threads_none => openblas/0.3.24_threads_openmp
  2) py-numpy/1.26.1 => py-numpy/1.24.0

/home/stefanion/Satelit1
50000
50001
10000
1000
100
Time taken for 1000 realizations and exact dt=0.0001: 4023.330407142639 seconds
Slope of Strong Error X1 (Euler-Ito): [ 0.67956152 -2.50233044]
Slope of Strong Error X2 (Euler-Ito): [ 0.65730902 -2.71199011]
Slope of Weak Error X1 (Euler-Ito): [ 1.26358296 -2.33166524]
Slope of Weak Error X2 (Euler-Ito): [ 1.1027337  -2.87381255]
Slope of Strong Error X1 (Euler-Stratonovitch): [ 0.62856072 -2.32348199]
Slope of Strong Error X2 (Euler-Stratonovitch): [ 0.6440979  -2.52464346]
Slope of Weak Error X1 (Euler-Stratonovitch): [ 0.84800287 -3.45452122]
Slope of Weak Error X2 (Euler-Stratonovitch): [ 1.23452399 -2.42073874]
Slope of Strong Error X1 (Milstein): [ 1.05981892 -2.26222111]
Slope of Strong Error X2 (Milstein): [ 1.06285343 -2.40629397]
Slope of Weak Error X1 (Milstein): [ 1.02111323 -2.87186771]
Slope of Weak Error X2 (Milstein): [ 1.05267013 -2.52234312]
